[2026-04-19 10:03:02] This is codeql database index-files --include-extension=.yaml --include-extension=.yml --also-match-lgtm-index-filters --size-limit=5m --language yaml -- /home/kali/codeql-lab/my-python-db
[2026-04-19 10:03:02] Log file was started late.
[2026-04-19 10:03:03] Using index-files script /home/kali/codeql-home/codeql/yaml/tools/index-files.sh.
[2026-04-19 10:03:03] [PROGRESS] database index-files> Scanning for files in /home/kali/codeql-lab...
[2026-04-19 10:03:03] Calling plumbing command: codeql resolve files --include-extension=.yaml --include-extension=.yml --also-match-lgtm-index-filters --size-limit=5m /home/kali/codeql-lab --format=json
[2026-04-19 10:03:03] [PROGRESS] resolve files> Scanning /home/kali/codeql-lab...
[2026-04-19 10:03:03] [PROGRESS] resolve files> Scanning /home/kali/codeql-lab/my-python-queries....
[2026-04-19 10:03:03] [PROGRESS] resolve files> Scanning /home/kali/codeql-lab/my-python-queries...
[2026-04-19 10:03:03] [PROGRESS] resolve files> Scanning /home/kali/codeql-lab/my-python-db...
[2026-04-19 10:03:03] [PROGRESS] resolve files> Scanning /home/kali/codeql-lab/my-python-db/log...
[2026-04-19 10:03:03] [PROGRESS] resolve files> Scanning /home/kali/codeql-lab/my-python-db/src...
[2026-04-19 10:03:03] [PROGRESS] resolve files> Scanning /home/kali/codeql-lab/my-python-db/src/home...
[2026-04-19 10:03:03] [PROGRESS] resolve files> Scanning /home/kali/codeql-lab/my-python-db/src/home/kali...
[2026-04-19 10:03:03] [PROGRESS] resolve files> Scanning /home/kali/codeql-lab/my-python-db/src/home/kali/codeql-lab...
[2026-04-19 10:03:03] [PROGRESS] resolve files> Scanning /home/kali/codeql-lab/my-python-db/src/home/kali/codeql-lab/my-python-queries...
[2026-04-19 10:03:03] [PROGRESS] resolve files> Scanning /home/kali/codeql-lab/my-python-db/working...
[2026-04-19 10:03:03] [PROGRESS] resolve files> Scanning /home/kali/codeql-lab/my-python-db/working/trap_cache...
[2026-04-19 10:03:03] [PROGRESS] resolve files> Scanning /home/kali/codeql-lab/my-python-db/working/trap_cache/1...
[2026-04-19 10:03:03] [PROGRESS] resolve files> Scanning /home/kali/codeql-lab/my-python-db/trap...
[2026-04-19 10:03:03] [PROGRESS] resolve files> Scanning /home/kali/codeql-lab/my-python-db/trap/python...
[2026-04-19 10:03:03] [PROGRESS] resolve files> Scanning /home/kali/codeql-lab/my-python-db/diagnostic...
[2026-04-19 10:03:03] [PROGRESS] resolve files> Scanning /home/kali/codeql-lab/my-python-db/diagnostic/tracer...
[2026-04-19 10:03:03] [PROGRESS] resolve files> Scanning /home/kali/codeql-lab/my-python-db/diagnostic/extractors...
[2026-04-19 10:03:03] [PROGRESS] resolve files> Scanning /home/kali/codeql-lab/my-python-db/diagnostic/extractors/python...
[2026-04-19 10:03:03] Plumbing command codeql resolve files completed:
                      [
                        "/home/kali/codeql-lab/my-python-db/codeql-database.yml",
                        "/home/kali/codeql-lab/my-python-queries/codeql-pack.lock.yml",
                        "/home/kali/codeql-lab/my-python-queries/qlpack.yml",
                        "/home/kali/codeql-lab/qlpack.yml"
                      ]
[2026-04-19 10:03:03] [DETAILS] database index-files> Found 4 files.
[2026-04-19 10:03:03] [PROGRESS] database index-files> /home/kali/codeql-lab/my-python-db: Indexing files in in /home/kali/codeql-lab...
[2026-04-19 10:03:03] Using index-files script /home/kali/codeql-home/codeql/yaml/tools/index-files.sh.
[2026-04-19 10:03:03] [PROGRESS] database index-files> Running command in /home/kali/codeql-lab: [/home/kali/codeql-home/codeql/yaml/tools/index-files.sh, /home/kali/codeql-lab/my-python-db/working/files-to-index14365822062600975949.list]
[2026-04-19 10:03:04] Terminating normally.
