[2026-04-19 10:02:55] This is codeql database create /home/kali/codeql-lab/my-python-db --language=python --source-root=/home/kali/codeql-lab
[2026-04-19 10:02:55] Log file was started late.
[2026-04-19 10:02:55] [PROGRESS] database create> Initializing database at /home/kali/codeql-lab/my-python-db.
[2026-04-19 10:02:56] Running plumbing command: codeql database init --language=python --extractor-options-verbosity=1 --qlconfig-file=/home/kali/codeql-lab/qlconfig.yml --source-root=/home/kali/codeql-lab --allow-missing-source-root=false --allow-already-existing -- /home/kali/codeql-lab/my-python-db
[2026-04-19 10:02:56] Calling plumbing command: codeql resolve languages --extractor-options-verbosity=1 --format=betterjson
[2026-04-19 10:02:56] [DETAILS] resolve languages> Scanning for [codeql-extractor.yml] from /home/kali/codeql-home/codeql/.codeqlmanifest.json
[2026-04-19 10:02:57] [DETAILS] resolve languages> Parsing /home/kali/codeql-home/codeql/cpp/codeql-extractor.yml.
[2026-04-19 10:02:57] [DETAILS] resolve languages> Parsing /home/kali/codeql-home/codeql/go/codeql-extractor.yml.
[2026-04-19 10:02:57] [DETAILS] resolve languages> Parsing /home/kali/codeql-home/codeql/csharp/codeql-extractor.yml.
[2026-04-19 10:02:57] [DETAILS] resolve languages> Parsing /home/kali/codeql-home/codeql/actions/codeql-extractor.yml.
[2026-04-19 10:02:57] [DETAILS] resolve languages> Parsing /home/kali/codeql-home/codeql/python/codeql-extractor.yml.
[2026-04-19 10:02:57] [DETAILS] resolve languages> Parsing /home/kali/codeql-home/codeql/ruby/codeql-extractor.yml.
[2026-04-19 10:02:57] [DETAILS] resolve languages> Parsing /home/kali/codeql-home/codeql/rust/codeql-extractor.yml.
[2026-04-19 10:02:57] [DETAILS] resolve languages> Parsing /home/kali/codeql-home/codeql/swift/codeql-extractor.yml.
[2026-04-19 10:02:57] [DETAILS] resolve languages> Parsing /home/kali/codeql-home/codeql/javascript/codeql-extractor.yml.
[2026-04-19 10:02:57] [DETAILS] resolve languages> Parsing /home/kali/codeql-home/codeql/csv/codeql-extractor.yml.
[2026-04-19 10:02:57] [DETAILS] resolve languages> Parsing /home/kali/codeql-home/codeql/xml/codeql-extractor.yml.
[2026-04-19 10:02:57] [DETAILS] resolve languages> Parsing /home/kali/codeql-home/codeql/html/codeql-extractor.yml.
[2026-04-19 10:02:57] [DETAILS] resolve languages> Parsing /home/kali/codeql-home/codeql/java/codeql-extractor.yml.
[2026-04-19 10:02:57] [DETAILS] resolve languages> Parsing /home/kali/codeql-home/codeql/yaml/codeql-extractor.yml.
[2026-04-19 10:02:57] [DETAILS] resolve languages> Parsing /home/kali/codeql-home/codeql/properties/codeql-extractor.yml.
[2026-04-19 10:02:57] Plumbing command codeql resolve languages completed:
                      {
                        "aliases" : {
                          "c" : "cpp",
                          "c++" : "cpp",
                          "c-c++" : "cpp",
                          "c-cpp" : "cpp",
                          "c#" : "csharp",
                          "java-kotlin" : "java",
                          "kotlin" : "java",
                          "javascript-typescript" : "javascript",
                          "typescript" : "javascript"
                        },
                        "extractors" : {
                          "cpp" : [
                            {
                              "extractor_root" : "/home/kali/codeql-home/codeql/cpp",
                              "extractor_options" : {
                                "scale_timeouts" : {
                                  "title" : "Value to scale compiler introspection timeouts with",
                                  "description" : "The extractor attempts to determine what compiler the source code being extracted is compiled with. To this end the extractor makes additional calls to the compiler, some of which are expected to return within a certain fixed time (either 10s or 15s). On some systems that are under high load this time might be too short, and can be scaled up using this option.\n",
                                  "type" : "string",
                                  "pattern" : "[0-9]+"
                                },
                                "log_verbosity" : {
                                  "title" : "Verbosity of the extractor logging",
                                  "description" : "Set the verbosity of the extractor logging to 'quiet' (0), 'normal' (1), 'chatty' (2), or 'noisy' (3). The default is 'normal'.\n",
                                  "type" : "string",
                                  "pattern" : "[0-3]"
                                }
                              }
                            }
                          ],
                          "go" : [
                            {
                              "extractor_root" : "/home/kali/codeql-home/codeql/go",
                              "extractor_options" : {
                                "extract_tests" : {
                                  "title" : "Whether to include Go test files in the CodeQL database.",
                                  "description" : "A value indicating whether Go test files should be included in the CodeQL database. The default is 'false'.\n",
                                  "type" : "string",
                                  "pattern" : "^(false|true)$"
                                },
                                "extract_vendor_dirs" : {
                                  "title" : "Whether to include Go vendor directories in the CodeQL database.",
                                  "description" : "A value indicating whether Go vendor directories should be included in the CodeQL database. The default is 'false'.\n",
                                  "type" : "string",
                                  "pattern" : "^(false|true)$"
                                }
                              }
                            }
                          ],
                          "csharp" : [
                            {
                              "extractor_root" : "/home/kali/codeql-home/codeql/csharp",
                              "extractor_options" : {
                                "trap" : {
                                  "title" : "Options pertaining to TRAP.",
                                  "description" : "Options pertaining to TRAP.",
                                  "type" : "object",
                                  "properties" : {
                                    "compression" : {
                                      "title" : "Controls compression for the TRAP files written by the extractor.",
                                      "description" : "This option is only intended for use in debugging the extractor. Accepted values are 'brotli' (the default, to write brotli-compressed TRAP), 'gzip', and 'none' (to write uncompressed TRAP).\n",
                                      "type" : "string",
                                      "pattern" : "^(none|gzip|brotli)$"
                                    }
                                  }
                                },
                                "buildless" : {
                                  "title" : "DEPRECATED - Whether to use buildless (standalone) extraction.",
                                  "description" : "DEPRECATED: Use `--build-mode none` instead.\nA value indicating, which type of extraction the autobuilder should perform. If 'true', then the standalone extractor will be used, otherwise tracing extraction will be performed. The default is 'false'. Note that buildless extraction will generally yield less accurate analysis results, and should only be used in cases where it is not possible to build the code (for example if it uses inaccessible dependencies).\n",
                                  "type" : "string",
                                  "pattern" : "^(false|true)$"
                                },
                                "logging" : {
                                  "title" : "Options pertaining to logging.",
                                  "description" : "Options pertaining to logging.",
                                  "type" : "object",
                                  "properties" : {
                                    "verbosity" : {
                                      "title" : "Extractor logging verbosity level.",
                                      "description" : "Controls the level of verbosity of the extractor. The supported levels are (in order of increasing verbosity):\n  - off\n  - errors\n  - warnings\n  - info or progress\n  - debug or progress+\n  - trace or progress++\n  - progress+++\n",
                                      "type" : "string",
                                      "pattern" : "^(off|errors|warnings|(info|progress)|(debug|progress\\+)|(trace|progress\\+\\+)|progress\\+\\+\\+)$"
                                    }
                                  }
                                },
                                "binlog" : {
                                  "title" : "Binlog",
                                  "description" : "[EXPERIMENTAL] The value is a path to the MsBuild binary log file that should be extracted. This option only works when `--build-mode none` is also specified.\n",
                                  "type" : "array"
                                },
                                "buildless_dependency_dir" : {
                                  "title" : "The path where buildless (standalone) extraction should keep dependencies.",
                                  "description" : "If set, the buildless (standalone) extractor will store dependencies in this directory.\n",
                                  "type" : "string"
                                }
                              }
                            }
                          ],
                          "actions" : [
                            {
                              "extractor_root" : "/home/kali/codeql-home/codeql/actions",
                              "extractor_options" : { }
                            }
                          ],
                          "python" : [
                            {
                              "extractor_root" : "/home/kali/codeql-home/codeql/python",
                              "extractor_options" : {
                                "logging" : {
                                  "title" : "Options pertaining to logging.",
                                  "description" : "Options pertaining to logging.",
                                  "type" : "object",
                                  "properties" : {
                                    "verbosity" : {
                                      "title" : "Python extractor logging verbosity level.",
                                      "description" : "Controls the level of verbosity of the CodeQL Python extractor.\nThe supported levels are (in order of increasing verbosity):\n\n  - off\n  - errors\n  - warnings\n  - info or progress\n  - debug or progress+\n  - trace or progress++\n  - progress+++\n",
                                      "type" : "string",
                                      "pattern" : "^(off|errors|warnings|(info|progress)|(debug|progress\\+)|(trace|progress\\+\\+)|progress\\+\\+\\+)$"
                                    }
                                  }
                                },
                                "python_executable_name" : {
                                  "title" : "Controls the name of the Python executable used by the Python extractor.",
                                  "description" : "The Python extractor uses platform-dependent heuristics to determine the name of the Python executable to use. Specifying a value for this option overrides the name of the Python executable used by the extractor. Accepted values are py, python and python3. Use this setting with caution, the Python extractor requires Python 3 to run.\n",
                                  "type" : "string",
                                  "pattern" : "^(py|python|python3)$"
                                }
                              }
                            }
                          ],
                          "ruby" : [
                            {
                              "extractor_root" : "/home/kali/codeql-home/codeql/ruby",
                              "extractor_options" : {
                                "trap" : {
                                  "title" : "Options pertaining to TRAP.",
                                  "description" : "Options pertaining to TRAP.",
                                  "type" : "object",
                                  "properties" : {
                                    "compression" : {
                                      "title" : "Controls compression for the TRAP files written by the extractor.",
                                      "description" : "This option is only intended for use in debugging the extractor. Accepted values are 'gzip' (the default, to write gzip-compressed TRAP) 'zstd' (to write Zstandard-compressed TRAP) and 'none' (to write uncompressed TRAP).\n",
                                      "type" : "string",
                                      "pattern" : "^(none|gzip|zstd)$"
                                    }
                                  }
                                }
                              }
                            }
                          ],
                          "rust" : [
                            {
                              "extractor_root" : "/home/kali/codeql-home/codeql/rust",
                              "extractor_options" : {
                                "trap" : {
                                  "title" : "Options pertaining to TRAP.",
                                  "description" : "Options pertaining to TRAP.",
                                  "type" : "object",
                                  "properties" : {
                                    "compression" : {
                                      "title" : "Controls compression for the TRAP files written by the extractor.",
                                      "description" : "This option is only intended for use in debugging the extractor. Accepted values are 'gzip' (to write gzip-compressed TRAP) 'zstd' (to write Zstandard-compressed TRAP) and 'none' (the default, to write uncompressed TRAP).\n",
                                      "type" : "string",
                                      "pattern" : "^(none|gzip|zstd)$"
                                    }
                                  }
                                },
                                "cargo_target_dir" : {
                                  "title" : "Directory to use for cargo output files.",
                                  "description" : "This value is an optional path to use as `CARGO_TARGET_DIR` for the internal cargo commands the extractor uses. Pointing it to a persistent directory may reduce execution time of consecutive extractor runs. By default, a new scratch directory is used for each run.\n",
                                  "type" : "string"
                                },
                                "cargo_target" : {
                                  "title" : "Target architecture",
                                  "description" : "Target architecture to use for analysis, analogous to `cargo --target`. By default the host architecture is used.\n",
                                  "type" : "string"
                                },
                                "cargo_features" : {
                                  "title" : "Cargo features to turn on",
                                  "description" : "Comma-separated list of features to turn on. By default all features are enabled. If any features are specified, then only those features are enabled. The `default` feature must be explicitly specified if only default features are desired. Can be repeated.\n",
                                  "type" : "array"
                                },
                                "cargo_cfg_overrides" : {
                                  "title" : "Cargo cfg overrides",
                                  "description" : "Comma-separated list of cfg settings to enable, or disable if prefixed with `-`. Can be repeated.\n",
                                  "type" : "array"
                                },
                                "logging" : {
                                  "title" : "Options pertaining to logging.",
                                  "description" : "Options pertaining to logging.",
                                  "type" : "object",
                                  "properties" : {
                                    "verbosity" : {
                                      "title" : "Extractor logging verbosity level.",
                                      "description" : "Controls the level of verbosity of the extractor. The supported levels are (in order of increasing verbosity):\n  - off\n  - errors\n  - warnings\n  - info or progress\n  - debug or progress+\n  - trace or progress++\n  - progress+++\n",
                                      "type" : "string",
                                      "pattern" : "^(off|errors|warnings|(info|progress)|(debug|progress\\+)|(trace|progress\\+\\+)|progress\\+\\+\\+)$"
                                    },
                                    "flamegraph" : {
                                      "title" : "[Experimental] File path for write flame graph log",
                                      "description" : "Collect flame graph data using the `tracing-flame` crate. To render a flame graph or chart, run the `inferno-flamegraph` command. See also: https://crates.io/crates/tracing-flame\n",
                                      "type" : "string"
                                    }
                                  }
                                },
                                "extract_dependencies_as_source" : {
                                  "title" : "Extract dependencies as source code",
                                  "description" : "Extract the full source code of dependencies instead of only extracting signatures.\n",
                                  "type" : "string",
                                  "pattern" : "^(false|true)$"
                                }
                              }
                            }
                          ],
                          "swift" : [
                            {
                              "extractor_root" : "/home/kali/codeql-home/codeql/swift"
                            }
                          ],
                          "javascript" : [
                            {
                              "extractor_root" : "/home/kali/codeql-home/codeql/javascript",
                              "extractor_options" : {
                                "skip_types" : {
                                  "title" : "Skip type extraction for TypeScript",
                                  "description" : "Whether to skip the extraction of types in a TypeScript application",
                                  "type" : "string",
                                  "pattern" : "^(false|true)$"
                                }
                              }
                            }
                          ],
                          "csv" : [
                            {
                              "extractor_root" : "/home/kali/codeql-home/codeql/csv"
                            }
                          ],
                          "xml" : [
                            {
                              "extractor_root" : "/home/kali/codeql-home/codeql/xml"
                            }
                          ],
                          "html" : [
                            {
                              "extractor_root" : "/home/kali/codeql-home/codeql/html"
                            }
                          ],
                          "java" : [
                            {
                              "extractor_root" : "/home/kali/codeql-home/codeql/java",
                              "extractor_options" : {
                                "exclude" : {
                                  "title" : "A glob excluding files from analysis.",
                                  "description" : "A glob indicating what files to exclude from the analysis. This accepts glob patterns that are supported by Java's 'getPathMatcher' implementation.\n",
                                  "type" : "string"
                                },
                                "add_prefer_source" : {
                                  "title" : "Whether to always prefer source files over class files.",
                                  "description" : "A value indicating whether source files should be preferred over class files. If set to 'true', the extraction adds '-Xprefer:source' to the javac command line. If set to 'false', the extraction uses the default javac behavior ('-Xprefer:newer'). The default is 'true'.\n",
                                  "type" : "string",
                                  "pattern" : "^(false|true)$"
                                },
                                "buildless" : {
                                  "title" : "Whether to use buildless (standalone) extraction (experimental).",
                                  "description" : "A value indicating, which type of extraction the autobuilder should perform. If 'true', then the standalone extractor will be used, otherwise tracing extraction will be performed. The default is 'false'. Note that buildless extraction will generally yield less accurate analysis results, and should only be used in cases where it is not possible to build the code (for example if it uses inaccessible dependencies).\n",
                                  "type" : "string",
                                  "pattern" : "^(false|true)$"
                                },
                                "buildless_dependency_dir" : {
                                  "title" : "The path where buildless (standalone) extraction should keep dependencies.",
                                  "description" : "If set, the buildless (standalone) extractor will store dependencies in this directory.\n",
                                  "type" : "string"
                                },
                                "minimize_dependency_jars" : {
                                  "title" : "Whether to rewrite and minimize downloaded JAR dependencies (experimental).",
                                  "description" : "If 'true', JAR dependencies downloaded during extraction will be rewritten to remove unneeded data, such as method bodies. The default is 'false'.\n",
                                  "type" : "string",
                                  "pattern" : "^(false|true)$"
                                }
                              }
                            }
                          ],
                          "yaml" : [
                            {
                              "extractor_root" : "/home/kali/codeql-home/codeql/yaml"
                            }
                          ],
                          "properties" : [
                            {
                              "extractor_root" : "/home/kali/codeql-home/codeql/properties"
                            }
                          ]
                        }
                      }
[2026-04-19 10:02:58] [PROGRESS] database init> Calculating baseline information in /home/kali/codeql-lab
[2026-04-19 10:02:58] [SPAMMY] database init> Ignoring the following directories when processing baseline information: .git, .hg, .svn.
[2026-04-19 10:02:58] [DETAILS] database init> Running command in /home/kali/codeql-lab: /home/kali/codeql-home/codeql/tools/linux64/scc --by-file --exclude-dir .git,.hg,.svn --format json --no-large --no-min .
[2026-04-19 10:02:58] Using configure-baseline script /home/kali/codeql-home/codeql/actions/tools/configure-baseline.sh.
[2026-04-19 10:02:58] [PROGRESS] database init> Running command in /home/kali/codeql-lab: [/home/kali/codeql-home/codeql/actions/tools/configure-baseline.sh]
[2026-04-19 10:02:58] [SPAMMY] database init> Ignored an additional 3 files when processing baseline information for YAML due to paths and paths-ignore configuration.
[2026-04-19 10:02:58] [SPAMMY] database init> Found 3 baseline files for python.
[2026-04-19 10:02:58] [SPAMMY] database init> Found 0 baseline files for actions.
[2026-04-19 10:02:58] [PROGRESS] database init> Calculated baseline information for languages: actions, python (207ms).
[2026-04-19 10:02:58] [PROGRESS] database init> Resolving extractor python.
[2026-04-19 10:02:58] [DETAILS] database init> Found candidate extractor root for python: /home/kali/codeql-home/codeql/python.
[2026-04-19 10:02:58] [PROGRESS] database init> Successfully loaded extractor Python (python) from /home/kali/codeql-home/codeql/python.
[2026-04-19 10:02:58] [PROGRESS] database init> Created skeleton CodeQL database at /home/kali/codeql-lab/my-python-db. This in-progress database is ready to be populated by an extractor.
[2026-04-19 10:02:58] Plumbing command codeql database init completed.
[2026-04-19 10:02:58] [PROGRESS] database create> Running build command: []
[2026-04-19 10:02:58] Running plumbing command: codeql database trace-command --working-dir=/home/kali/codeql-lab --index-traceless-dbs --no-db-cluster -- /home/kali/codeql-lab/my-python-db
[2026-04-19 10:02:58] Using autobuild script /home/kali/codeql-home/codeql/python/tools/autobuild.sh.
[2026-04-19 10:02:58] [PROGRESS] database trace-command> Running command in /home/kali/codeql-lab: [/home/kali/codeql-home/codeql/python/tools/autobuild.sh]
[2026-04-19 10:02:58] [build-stdout] No directories containing root identifiers were found. Returning working directory as root.
[2026-04-19 10:02:58] [build-stdout] Will try to guess Python version, as it was not specified in `lgtm.yml`
[2026-04-19 10:02:59] [build-stdout] Trying to guess Python version based on Trove classifiers in setup.py
[2026-04-19 10:02:59] [build-stdout] Did not find setup.py (expected it to be at /home/kali/codeql-lab/setup.py)
[2026-04-19 10:02:59] [build-stdout] Trying to guess Python version based on travis file
[2026-04-19 10:02:59] [build-stdout] Did not find any travis files (expected them at either ['/home/kali/codeql-lab/.travis.yml', '/home/kali/codeql-lab/travis.yml'])
[2026-04-19 10:02:59] [build-stdout] Trying to guess Python version based on installed versions
[2026-04-19 10:02:59] [build-stdout] This script is running Python 3, but Python 2 is also available (as 'python2')
[2026-04-19 10:02:59] [build-stdout] Could not guess Python version, will use default: Python 3
[2026-04-19 10:02:59] [build-stdout] Calling python3 -S /home/kali/codeql-home/codeql/python/tools/python_tracer.py --verbosity 3 -z all -c /home/kali/codeql-lab/my-python-db/working/trap_cache -R /home/kali/codeql-lab
[2026-04-19 10:02:59] [build-stdout] INFO: The Python extractor has recently stopped extracting the standard library by default. If you encounter problems, please let us know by submitting an issue to https://github.com/github/codeql. It is possible to re-enable extraction of the standard library by setting the environment variable CODEQL_EXTRACTOR_PYTHON_EXTRACT_STDLIB.
[2026-04-19 10:02:59] [build-stdout] [INFO] Extraction will use the Python 3 standard library.
[2026-04-19 10:02:59] [build-stdout] [INFO] sys_path is: ['/home/kali/codeql-home/codeql/python/tools', '/usr/lib/python313.zip', '/usr/lib/python3.13', '/usr/lib/python3.13/lib-dynload']
[2026-04-19 10:02:59] [build-stdout] [WARN] Failed to find dynload path
[2026-04-19 10:02:59] [build-stdout] [INFO] Python version 3.13.12
[2026-04-19 10:02:59] [build-stdout] [INFO] Python extractor version 7.1.8
[2026-04-19 10:02:59] [build-stdout] [WARN] [1] Failed to find dynload path
[2026-04-19 10:02:59] [build-stdout] [WARN] [2] Failed to find dynload path
[2026-04-19 10:02:59] [build-stdout] [INFO] [2] Extracted file /home/kali/codeql-lab/vuln.py in 31ms
[2026-04-19 10:02:59] [build-stdout] [INFO] [2] Extracted file /home/kali/codeql-lab/my-python-queries/vuln.py in 18ms
[2026-04-19 10:02:59] [build-stdout] [INFO] [2] Extracted folder /home/kali/codeql-lab/my-python-queries in 0ms
[2026-04-19 10:02:59] [build-stdout] [INFO] [2] Extracted folder /usr/lib/python3.13/sqlite3 in 1ms
[2026-04-19 10:02:59] [build-stdout] [INFO] [2] Skipped built-in file /usr/lib/python3.13/sqlite3/__init__.py
[2026-04-19 10:03:00] [build-stdout] [INFO] [1] Extracted file /home/kali/codeql-lab/student_validation_task.py in 71ms
[2026-04-19 10:03:00] [build-stdout] [INFO] Processed 6 modules in 0.27s
[2026-04-19 10:03:00] Plumbing command codeql database trace-command completed.
[2026-04-19 10:03:00] [PROGRESS] database create> Finalizing database at /home/kali/codeql-lab/my-python-db.
[2026-04-19 10:03:00] Running plumbing command: codeql database finalize --no-db-cluster -- /home/kali/codeql-lab/my-python-db
[2026-04-19 10:03:00] Using pre-finalize script /home/kali/codeql-home/codeql/python/tools/pre-finalize.sh.
[2026-04-19 10:03:00] [PROGRESS] database finalize> Running pre-finalize script /home/kali/codeql-home/codeql/python/tools/pre-finalize.sh in /home/kali/codeql-lab.
[2026-04-19 10:03:00] Running plumbing command: codeql database trace-command --working-dir=/home/kali/codeql-lab --no-tracing -- /home/kali/codeql-lab/my-python-db /home/kali/codeql-home/codeql/python/tools/pre-finalize.sh
[2026-04-19 10:03:00] [PROGRESS] database trace-command> Running command in /home/kali/codeql-lab: [/home/kali/codeql-home/codeql/python/tools/pre-finalize.sh]
[2026-04-19 10:03:03] [build-stderr] Scanning for files in /home/kali/codeql-lab...
[2026-04-19 10:03:03] [build-stderr] /home/kali/codeql-lab/my-python-db: Indexing files in in /home/kali/codeql-lab...
[2026-04-19 10:03:03] [build-stderr] Running command in /home/kali/codeql-lab: [/home/kali/codeql-home/codeql/yaml/tools/index-files.sh, /home/kali/codeql-lab/my-python-db/working/files-to-index14365822062600975949.list]
[2026-04-19 10:03:04] Plumbing command codeql database trace-command completed.
[2026-04-19 10:03:04] [PROGRESS] database finalize> Pre-finalize script /home/kali/codeql-home/codeql/python/tools/pre-finalize.sh completed in 4387 ms.
[2026-04-19 10:03:04] [PROGRESS] database finalize> Running TRAP import for CodeQL database at /home/kali/codeql-lab/my-python-db...
[2026-04-19 10:03:04] Calling plumbing command: codeql resolve ram --off-heap-ram=0 --format=json
[2026-04-19 10:03:04] Plumbing command codeql resolve ram completed:
                      [
                        "-J-Xmx1188M"
                      ]
[2026-04-19 10:03:04] Spawning plumbing command: dataset import -J-Xmx1188M --verbosity=progress --logdir=/home/kali/codeql-lab/my-python-db/log --dbscheme=/home/kali/codeql-home/codeql/python/semmlecode.python.dbscheme -- /home/kali/codeql-lab/my-python-db/db-python /home/kali/codeql-lab/my-python-db/trap/python
[2026-04-19 10:03:09] Plumbing command codeql dataset import terminated with status 0.
[2026-04-19 10:03:09] [PROGRESS] database finalize> TRAP import complete (4.6s).
[2026-04-19 10:03:09] Running plumbing command: codeql database cleanup -- /home/kali/codeql-lab/my-python-db
[2026-04-19 10:03:09] [PROGRESS] database cleanup> Cleaning up existing TRAP files after import...
[2026-04-19 10:03:09] [PROGRESS] database cleanup> TRAP files cleaned up (2ms).
[2026-04-19 10:03:09] [PROGRESS] database cleanup> Cleaning up scratch directory...
[2026-04-19 10:03:09] [PROGRESS] database cleanup> Scratch directory cleaned up (1ms).
[2026-04-19 10:03:09] Running plumbing command: codeql dataset cleanup -- /home/kali/codeql-lab/my-python-db/db-python
[2026-04-19 10:03:09] [PROGRESS] dataset cleanup> Cleaning up dataset in /home/kali/codeql-lab/my-python-db/db-python.
[2026-04-19 10:03:09] Trimming disk cache at /home/kali/codeql-lab/my-python-db/db-python/default/cache in mode trim.
[2026-04-19 10:03:09] Sequence stamp origin is -5923415357401846106
[2026-04-19 10:03:09] Pausing evaluation to quickly trim memory at sequence stamp o+0
[2026-04-19 10:03:09] Unpausing evaluation
[2026-04-19 10:03:09] Pausing evaluation to zealously trim disk at sequence stamp o+1
[2026-04-19 10:03:09] Unpausing evaluation
[2026-04-19 10:03:09] Trimming completed (23ms): Trimmed disposable data from cache.
[2026-04-19 10:03:09] Pausing evaluation to close the cache at sequence stamp o+2
[2026-04-19 10:03:09] The disk cache is freshly trimmed; leave it be.
[2026-04-19 10:03:09] Unpausing evaluation
[2026-04-19 10:03:09] [PROGRESS] dataset cleanup> Trimmed disposable data from cache.
[2026-04-19 10:03:09] [PROGRESS] dataset cleanup> Finalizing dataset in /home/kali/codeql-lab/my-python-db/db-python
[2026-04-19 10:03:09] [DETAILS] dataset cleanup> Finished deleting ID pool from /home/kali/codeql-lab/my-python-db/db-python (4ms).
[2026-04-19 10:03:09] Plumbing command codeql dataset cleanup completed.
[2026-04-19 10:03:09] Plumbing command codeql database cleanup completed with status 0.
[2026-04-19 10:03:09] [PROGRESS] database finalize> Finished zipping source archive (2.68 KiB).
[2026-04-19 10:03:09] Plumbing command codeql database finalize completed.
[2026-04-19 10:03:09] [PROGRESS] database create> Successfully created database at /home/kali/codeql-lab/my-python-db.
[2026-04-19 10:03:09] Terminating normally.
